#=#=#=# Syncrun started 2020-10-20T08:28:35Z
#=#=#=#=# Propagation starts 2020-10-20T08:28:35Z (last step: 74 msec, total: 74 msec)
08:28:35||Tex|INST_NEW|Up|1603182292||4096|00049604ocq5v096zqaw|4||201|0|0|48da05d9-d945-40c8-bf8d-089d0f615ff3|
08:28:35||Tex/images|INST_NEW|Up|1603181098||0|00049605ocq5v096zqaw|4||201|0|0|18f4d551-f630-4398-bc09-59b4de125761|
08:28:35||Tex/20201020_MasterThesis.aux|INST_NEW|Up|1603182292|7be9787c5a1b176d41c7b59d394ccffa|6848|00049606ocq5v096zqaw|4||201|0|0|4e7c94cb-c48b-4736-adb3-1525c0add642|
08:28:35||Tex/20201020_MasterThesis.fdb_latexmk|INST_NEW|Up|1603182293|27611e538d11ae3a6839cbb60bd349b0|10612|00049607ocq5v096zqaw|4||201|0|0|2a867774-e725-4b24-9403-c43350419ffa|
08:28:35||Tex/20201020_MasterThesis.fls|INST_NEW|Up|1603182292|f004702eaf6de8bec2c58cd306d96edf|10394|00049608ocq5v096zqaw|4||201|0|0|4e91e287-8773-4c8c-9828-44e5dd2b10fa|
08:28:35||Tex/20201020_MasterThesis.log|INST_NEW|Up|1603182292|9fd5221ffd40b536110f3bceec4d9031|31777|00049609ocq5v096zqaw|4||201|0|0|ffe03fbe-dd9d-42f0-ab55-4f69be306645|
08:28:35||Tex/20201020_MasterThesis.pdf|INST_NEW|Up|1603182292|388714c06bd5402baaf794efba66d0ef|56049|00049610ocq5v096zqaw|4||201|0|0|9119ea4b-f550-44b6-bfab-3ae0e48405d9|
08:28:35||Tex/20201020_MasterThesis.out|INST_NEW|Up|1603182292|a81daefb19d3cb639cbac7135718fb30|0|00049611ocq5v096zqaw|4||201|0|0|9dbb35b3-9e0d-4ea3-8901-6baeb0a17c24|
08:28:35||Tex/20201020_MasterThesis.synctex.gz|INST_NEW|Up|1603182292|4ff10bcd7f14f562ad2e24a5e828c572|16924|00049612ocq5v096zqaw|4||201|0|0|f6dc0e9d-f782-4e0e-9436-cbcf978342e1|
08:28:35||Tex/20201020_MasterThesis.toc|INST_NEW|Up|1603182292|4fce46dd546fbb35530e7ad3391ccbc5|2170|00049613ocq5v096zqaw|4||201|0|0|92933ca9-a726-47da-9e5c-ce3d857b3e52|
08:28:35||Tex/20201020_MasterThesis.tex|INST_NEW|Up|1603182285|0441e06525ec820a11b26994b9aabc93|2775|00049614ocq5v096zqaw|4||201|0|0|01ccbf07-73d5-4523-b245-d79572825f70|
08:28:35||Tex/references.bib|INST_NEW|Up|1603181137|f9f8ef5428168eb2e043431a400bcd21|0|00049615ocq5v096zqaw|4||201|0|0|449fd165-faa9-4e55-8ac1-044103bb9f8f|
#=#=#=# Syncrun finished 2020-10-20T08:28:35Z (last step: 235 msec, total: 310 msec)
#=#=#=# Syncrun started 2020-10-20T08:29:18Z
#=#=#=#=# Propagation starts 2020-10-20T08:29:18Z (last step: 210 msec, total: 210 msec)
#=#=#=# Syncrun finished 2020-10-20T08:29:18Z (last step: 9 msec, total: 220 msec)
#=#=#=# Syncrun started 2020-10-20T13:59:04Z
#=#=#=#=# Propagation starts 2020-10-20T13:59:15Z (last step: 11261 msec, total: 11261 msec)
||Tex/20201020_MasterThesis.tex|INST_SYNC|Down|1603187914|2c721431b4a7c8f187476ee975c59b30|3158|00049614ocq5v096zqaw|1|Host  konnte nicht gefunden werden|0|2775|1603182285|ff79267b-8ab7-49aa-83bd-c3b62767b5d6|
||Tex/20201020_MasterThesis.pdf|INST_SYNC|Down|1603187924|2c422b037c949206284c8318b63c46dd|74754|00049610ocq5v096zqaw|3|Host  konnte nicht gefunden werden|0|56049|1603182292|204ff946-1aa3-45da-b40f-f61219d08632|
#=#=#=# Syncrun finished 2020-10-20T13:59:33Z (last step: 17999 msec, total: 29260 msec)
#=#=#=# Syncrun started 2020-10-20T14:05:59Z
#=#=#=#=# Propagation starts 2020-10-20T14:06:00Z (last step: 351 msec, total: 351 msec)
14:05:59||Tex/20201020_MasterThesis.pdf|INST_SYNC|Down|1603187924|2c422b037c949206284c8318b63c46dd|74754|00049610ocq5v096zqaw|4||200|56049|1603182292|5f675476-1e56-4257-90a2-e47197dc9113|
14:06:00||Tex/20201020_MasterThesis.tex|INST_SYNC|Down|1603187914|2c721431b4a7c8f187476ee975c59b30|3158|00049614ocq5v096zqaw|4||200|2775|1603182285|638fed55-2e56-4aa3-945c-98b22ed69141|
#=#=#=# Syncrun finished 2020-10-20T14:06:00Z (last step: 409 msec, total: 760 msec)
#=#=#=# Syncrun started 2020-10-20T19:29:19Z
#=#=#=#=# Propagation starts 2020-10-20T19:29:19Z (last step: 96 msec, total: 96 msec)
#=#=#=# Syncrun finished 2020-10-20T19:29:19Z (last step: 10 msec, total: 106 msec)
#=#=#=# Syncrun started 2020-10-21T13:45:02Z
#=#=#=#=# Propagation starts 2020-10-21T13:45:02Z (last step: 69 msec, total: 69 msec)
#=#=#=# Syncrun finished 2020-10-21T13:45:03Z (last step: 9 msec, total: 79 msec)
#=#=#=# Syncrun started 2020-10-21T15:33:25Z
#=#=#=#=# Propagation starts 2020-10-21T15:33:25Z (last step: 63 msec, total: 63 msec)
#=#=#=# Syncrun finished 2020-10-21T15:33:25Z (last step: 9 msec, total: 73 msec)
#=#=#=# Syncrun started 2020-10-21T17:44:46Z
#=#=#=#=# Propagation starts 2020-10-21T17:44:46Z (last step: 78 msec, total: 78 msec)
#=#=#=# Syncrun finished 2020-10-21T17:44:47Z (last step: 7 msec, total: 86 msec)
#=#=#=# Syncrun started 2020-10-21T19:44:51Z
#=#=#=#=# Propagation starts 2020-10-21T19:44:51Z (last step: 57 msec, total: 57 msec)
#=#=#=# Syncrun finished 2020-10-21T19:44:51Z (last step: 7 msec, total: 65 msec)
#=#=#=# Syncrun started 2020-10-21T21:45:01Z
#=#=#=#=# Propagation starts 2020-10-21T21:45:01Z (last step: 57 msec, total: 57 msec)
#=#=#=# Syncrun finished 2020-10-21T21:45:01Z (last step: 8 msec, total: 66 msec)
#=#=#=# Syncrun started 2020-10-22T09:38:16Z
#=#=#=#=# Propagation starts 2020-10-22T09:38:16Z (last step: 71 msec, total: 71 msec)
#=#=#=# Syncrun finished 2020-10-22T09:38:16Z (last step: 7 msec, total: 79 msec)
#=#=#=# Syncrun started 2020-10-22T11:38:17Z
#=#=#=#=# Propagation starts 2020-10-22T11:38:17Z (last step: 59 msec, total: 59 msec)
#=#=#=# Syncrun finished 2020-10-22T11:38:17Z (last step: 7 msec, total: 66 msec)
#=#=#=# Syncrun started 2020-10-22T13:38:21Z
#=#=#=#=# Propagation starts 2020-10-22T13:38:22Z (last step: 75 msec, total: 75 msec)
#=#=#=# Syncrun finished 2020-10-22T13:38:22Z (last step: 8 msec, total: 84 msec)
#=#=#=# Syncrun started 2020-10-22T15:38:31Z
#=#=#=#=# Propagation starts 2020-10-22T15:38:32Z (last step: 84 msec, total: 84 msec)
#=#=#=# Syncrun finished 2020-10-22T15:38:32Z (last step: 8 msec, total: 93 msec)
#=#=#=# Syncrun started 2020-10-22T17:38:36Z
#=#=#=#=# Propagation starts 2020-10-22T17:38:37Z (last step: 108 msec, total: 108 msec)
#=#=#=# Syncrun finished 2020-10-22T17:38:37Z (last step: 10 msec, total: 119 msec)
#=#=#=# Syncrun started 2020-10-22T19:38:41Z
#=#=#=#=# Propagation starts 2020-10-22T19:38:42Z (last step: 94 msec, total: 94 msec)
#=#=#=# Syncrun finished 2020-10-22T19:38:42Z (last step: 9 msec, total: 104 msec)
#=#=#=# Syncrun started 2020-10-23T08:39:15Z
#=#=#=#=# Propagation starts 2020-10-23T08:39:15Z (last step: 81 msec, total: 81 msec)
#=#=#=# Syncrun finished 2020-10-23T08:39:16Z (last step: 13 msec, total: 94 msec)
#=#=#=# Syncrun started 2020-10-23T10:39:21Z
#=#=#=#=# Propagation starts 2020-10-23T10:39:21Z (last step: 60 msec, total: 60 msec)
#=#=#=# Syncrun finished 2020-10-23T10:39:21Z (last step: 8 msec, total: 68 msec)
#=#=#=# Syncrun started 2020-10-23T12:39:26Z
#=#=#=#=# Propagation starts 2020-10-23T12:39:26Z (last step: 56 msec, total: 56 msec)
#=#=#=# Syncrun finished 2020-10-23T12:39:26Z (last step: 8 msec, total: 65 msec)
#=#=#=# Syncrun started 2020-10-23T14:39:31Z
#=#=#=#=# Propagation starts 2020-10-23T14:39:31Z (last step: 58 msec, total: 58 msec)
#=#=#=# Syncrun finished 2020-10-23T14:39:31Z (last step: 6 msec, total: 65 msec)
#=#=#=# Syncrun started 2020-10-23T16:39:37Z
#=#=#=#=# Propagation starts 2020-10-23T16:39:37Z (last step: 60 msec, total: 60 msec)
#=#=#=# Syncrun finished 2020-10-23T16:39:37Z (last step: 8 msec, total: 69 msec)
#=#=#=# Syncrun started 2020-10-23T18:39:45Z
#=#=#=#=# Propagation starts 2020-10-23T18:39:45Z (last step: 60 msec, total: 60 msec)
#=#=#=# Syncrun finished 2020-10-23T18:39:45Z (last step: 8 msec, total: 68 msec)
#=#=#=# Syncrun started 2020-10-23T20:39:49Z
#=#=#=#=# Propagation starts 2020-10-23T20:39:49Z (last step: 54 msec, total: 54 msec)
#=#=#=# Syncrun finished 2020-10-23T20:39:49Z (last step: 9 msec, total: 64 msec)
#=#=#=# Syncrun started 2020-10-23T22:39:53Z
#=#=#=#=# Propagation starts 2020-10-23T22:39:54Z (last step: 61 msec, total: 61 msec)
#=#=#=# Syncrun finished 2020-10-23T22:39:54Z (last step: 8 msec, total: 70 msec)
#=#=#=# Syncrun started 2020-10-24T00:39:59Z
#=#=#=#=# Propagation starts 2020-10-24T00:39:59Z (last step: 60 msec, total: 60 msec)
#=#=#=# Syncrun finished 2020-10-24T00:39:59Z (last step: 6 msec, total: 67 msec)
#=#=#=# Syncrun started 2020-10-24T00:44:00Z
#=#=#=#=# Propagation starts 2020-10-24T00:44:00Z (last step: 56 msec, total: 56 msec)
#=#=#=# Syncrun finished 2020-10-24T00:44:00Z (last step: 8 msec, total: 64 msec)
#=#=#=# Syncrun started 2020-10-24T12:25:12Z
#=#=#=#=# Propagation starts 2020-10-24T12:25:12Z (last step: 65 msec, total: 65 msec)
#=#=#=# Syncrun finished 2020-10-24T12:25:12Z (last step: 9 msec, total: 75 msec)
#=#=#=# Syncrun started 2020-10-24T14:25:14Z
#=#=#=#=# Propagation starts 2020-10-24T14:25:14Z (last step: 55 msec, total: 55 msec)
#=#=#=# Syncrun finished 2020-10-24T14:25:14Z (last step: 8 msec, total: 64 msec)
#=#=#=# Syncrun started 2020-10-24T16:25:18Z
#=#=#=#=# Propagation starts 2020-10-24T16:25:18Z (last step: 59 msec, total: 59 msec)
#=#=#=# Syncrun finished 2020-10-24T16:25:18Z (last step: 7 msec, total: 66 msec)
#=#=#=# Syncrun started 2020-10-24T18:25:23Z
#=#=#=#=# Propagation starts 2020-10-24T18:25:23Z (last step: 58 msec, total: 58 msec)
#=#=#=# Syncrun finished 2020-10-24T18:25:23Z (last step: 8 msec, total: 66 msec)
#=#=#=# Syncrun started 2020-10-24T20:25:23Z
#=#=#=#=# Propagation starts 2020-10-24T20:25:23Z (last step: 59 msec, total: 59 msec)
#=#=#=# Syncrun finished 2020-10-24T20:25:23Z (last step: 8 msec, total: 67 msec)
#=#=#=# Syncrun started 2020-10-25T13:52:51Z
#=#=#=#=# Propagation starts 2020-10-25T13:52:51Z (last step: 63 msec, total: 63 msec)
#=#=#=# Syncrun finished 2020-10-25T13:52:51Z (last step: 7 msec, total: 70 msec)
#=#=#=# Syncrun started 2020-10-25T15:52:52Z
#=#=#=#=# Propagation starts 2020-10-25T15:52:52Z (last step: 61 msec, total: 61 msec)
#=#=#=# Syncrun finished 2020-10-25T15:52:52Z (last step: 6 msec, total: 68 msec)
#=#=#=# Syncrun started 2020-10-25T17:52:57Z
#=#=#=#=# Propagation starts 2020-10-25T17:52:57Z (last step: 56 msec, total: 56 msec)
#=#=#=# Syncrun finished 2020-10-25T17:52:57Z (last step: 9 msec, total: 66 msec)
#=#=#=# Syncrun started 2020-10-25T19:53:02Z
#=#=#=#=# Propagation starts 2020-10-25T19:53:02Z (last step: 65 msec, total: 65 msec)
#=#=#=# Syncrun finished 2020-10-25T19:53:02Z (last step: 12 msec, total: 78 msec)
#=#=#=# Syncrun started 2020-10-25T21:53:07Z
#=#=#=#=# Propagation starts 2020-10-25T21:53:07Z (last step: 60 msec, total: 60 msec)
#=#=#=# Syncrun finished 2020-10-25T21:53:07Z (last step: 7 msec, total: 67 msec)
#=#=#=# Syncrun started 2020-10-26T09:00:58Z
#=#=#=#=# Propagation starts 2020-10-26T09:00:58Z (last step: 111 msec, total: 111 msec)
#=#=#=# Syncrun finished 2020-10-26T09:00:58Z (last step: 9 msec, total: 121 msec)
#=#=#=# Syncrun started 2020-10-26T09:34:49Z
#=#=#=#=# Propagation starts 2020-10-26T09:34:49Z (last step: 88 msec, total: 88 msec)
#=#=#=# Syncrun finished 2020-10-26T09:34:49Z (last step: 7 msec, total: 96 msec)
#=#=#=# Syncrun started 2020-10-26T12:27:04Z
#=#=#=#=# Propagation starts 2020-10-26T12:27:04Z (last step: 99 msec, total: 99 msec)
#=#=#=# Syncrun finished 2020-10-26T12:27:04Z (last step: 18 msec, total: 118 msec)
#=#=#=# Syncrun started 2020-10-26T12:47:33Z
#=#=#=#=# Propagation starts 2020-10-26T12:47:33Z (last step: 71 msec, total: 71 msec)
#=#=#=# Syncrun finished 2020-10-26T12:47:33Z (last step: 7 msec, total: 78 msec)
#=#=#=# Syncrun started 2020-10-26T14:47:37Z
#=#=#=#=# Propagation starts 2020-10-26T14:47:37Z (last step: 72 msec, total: 72 msec)
#=#=#=# Syncrun finished 2020-10-26T14:47:37Z (last step: 10 msec, total: 82 msec)
#=#=#=# Syncrun started 2020-10-26T16:47:38Z
#=#=#=#=# Propagation starts 2020-10-26T16:47:38Z (last step: 59 msec, total: 59 msec)
#=#=#=# Syncrun finished 2020-10-26T16:47:38Z (last step: 7 msec, total: 66 msec)
#=#=#=# Syncrun started 2020-10-26T18:47:43Z
#=#=#=#=# Propagation starts 2020-10-26T18:47:43Z (last step: 60 msec, total: 60 msec)
#=#=#=# Syncrun finished 2020-10-26T18:47:43Z (last step: 8 msec, total: 69 msec)
#=#=#=# Syncrun started 2020-10-26T20:47:48Z
#=#=#=#=# Propagation starts 2020-10-26T20:47:48Z (last step: 62 msec, total: 62 msec)
#=#=#=# Syncrun finished 2020-10-26T20:47:48Z (last step: 6 msec, total: 69 msec)
#=#=#=# Syncrun started 2020-10-26T22:47:53Z
#=#=#=#=# Propagation starts 2020-10-26T22:47:53Z (last step: 59 msec, total: 59 msec)
#=#=#=# Syncrun finished 2020-10-26T22:47:53Z (last step: 6 msec, total: 65 msec)
#=#=#=# Syncrun started 2020-10-27T16:05:15Z
#=#=#=#=# Propagation starts 2020-10-27T16:05:15Z (last step: 68 msec, total: 68 msec)
#=#=#=# Syncrun finished 2020-10-27T16:05:15Z (last step: 8 msec, total: 77 msec)
#=#=#=# Syncrun started 2020-10-27T18:05:18Z
#=#=#=#=# Propagation starts 2020-10-27T18:05:18Z (last step: 59 msec, total: 59 msec)
#=#=#=# Syncrun finished 2020-10-27T18:05:18Z (last step: 5 msec, total: 65 msec)
#=#=#=# Syncrun started 2020-10-27T20:05:23Z
#=#=#=#=# Propagation starts 2020-10-27T20:05:23Z (last step: 60 msec, total: 60 msec)
#=#=#=# Syncrun finished 2020-10-27T20:05:23Z (last step: 7 msec, total: 68 msec)
#=#=#=# Syncrun started 2020-10-27T22:05:28Z
#=#=#=#=# Propagation starts 2020-10-27T22:05:28Z (last step: 60 msec, total: 60 msec)
#=#=#=# Syncrun finished 2020-10-27T22:05:28Z (last step: 7 msec, total: 68 msec)
#=#=#=# Syncrun started 2020-10-28T09:31:22Z
#=#=#=#=# Propagation starts 2020-10-28T09:31:22Z (last step: 76 msec, total: 76 msec)
#=#=#=# Syncrun finished 2020-10-28T09:31:22Z (last step: 10 msec, total: 87 msec)
#=#=#=# Syncrun started 2020-10-28T11:10:32Z
#=#=#=#=# Propagation starts 2020-10-28T11:10:32Z (last step: 71 msec, total: 71 msec)
#=#=#=# Syncrun finished 2020-10-28T11:10:32Z (last step: 4 msec, total: 75 msec)
#=#=#=# Syncrun started 2020-10-28T13:10:35Z
#=#=#=#=# Propagation starts 2020-10-28T13:10:35Z (last step: 63 msec, total: 63 msec)
#=#=#=# Syncrun finished 2020-10-28T13:10:35Z (last step: 7 msec, total: 70 msec)
#=#=#=# Syncrun started 2020-10-28T15:10:40Z
#=#=#=#=# Propagation starts 2020-10-28T15:10:40Z (last step: 59 msec, total: 59 msec)
#=#=#=# Syncrun finished 2020-10-28T15:10:40Z (last step: 6 msec, total: 66 msec)
#=#=#=# Syncrun started 2020-10-28T17:10:45Z
#=#=#=#=# Propagation starts 2020-10-28T17:10:45Z (last step: 62 msec, total: 62 msec)
#=#=#=# Syncrun finished 2020-10-28T17:10:45Z (last step: 10 msec, total: 73 msec)
#=#=#=# Syncrun started 2020-10-28T19:10:50Z
#=#=#=#=# Propagation starts 2020-10-28T19:10:50Z (last step: 58 msec, total: 58 msec)
#=#=#=# Syncrun finished 2020-10-28T19:10:50Z (last step: 7 msec, total: 66 msec)
#=#=#=# Syncrun started 2020-10-28T21:10:55Z
#=#=#=#=# Propagation starts 2020-10-28T21:10:55Z (last step: 58 msec, total: 58 msec)
#=#=#=# Syncrun finished 2020-10-28T21:10:55Z (last step: 8 msec, total: 66 msec)
#=#=#=# Syncrun started 2020-10-28T21:50:33Z
#=#=#=#=# Propagation starts 2020-10-28T21:50:33Z (last step: 74 msec, total: 74 msec)
#=#=#=# Syncrun finished 2020-10-28T21:50:33Z (last step: 9 msec, total: 83 msec)
#=#=#=# Syncrun started 2020-10-28T23:50:42Z
#=#=#=#=# Propagation starts 2020-10-28T23:50:42Z (last step: 52 msec, total: 52 msec)
#=#=#=# Syncrun finished 2020-10-28T23:50:42Z (last step: 8 msec, total: 60 msec)
#=#=#=# Syncrun started 2020-10-29T01:50:47Z
#=#=#=#=# Propagation starts 2020-10-29T01:50:47Z (last step: 74 msec, total: 74 msec)
#=#=#=# Syncrun finished 2020-10-29T01:50:47Z (last step: 8 msec, total: 83 msec)
#=#=#=# Syncrun started 2020-10-29T10:15:22Z
#=#=#=#=# Propagation starts 2020-10-29T10:15:22Z (last step: 71 msec, total: 71 msec)
#=#=#=# Syncrun finished 2020-10-29T10:15:22Z (last step: 7 msec, total: 79 msec)
#=#=#=# Syncrun started 2020-10-29T11:45:52Z
#=#=#=#=# Propagation starts 2020-10-29T11:45:52Z (last step: 83 msec, total: 83 msec)
#=#=#=# Syncrun finished 2020-10-29T11:45:52Z (last step: 7 msec, total: 91 msec)
#=#=#=# Syncrun started 2020-10-29T20:33:16Z
#=#=#=#=# Propagation starts 2020-10-29T20:33:16Z (last step: 75 msec, total: 75 msec)
#=#=#=# Syncrun finished 2020-10-29T20:33:16Z (last step: 7 msec, total: 83 msec)
#=#=#=# Syncrun started 2020-10-29T22:33:22Z
#=#=#=#=# Propagation starts 2020-10-29T22:33:22Z (last step: 62 msec, total: 62 msec)
#=#=#=# Syncrun finished 2020-10-29T22:33:22Z (last step: 6 msec, total: 69 msec)
#=#=#=# Syncrun started 2020-10-30T17:13:10Z
#=#=#=#=# Propagation starts 2020-10-30T17:13:11Z (last step: 72 msec, total: 72 msec)
#=#=#=# Syncrun finished 2020-10-30T17:13:11Z (last step: 6 msec, total: 79 msec)
#=#=#=# Syncrun started 2020-10-30T19:13:12Z
#=#=#=#=# Propagation starts 2020-10-30T19:13:12Z (last step: 58 msec, total: 58 msec)
#=#=#=# Syncrun finished 2020-10-30T19:13:12Z (last step: 7 msec, total: 66 msec)
#=#=#=# Syncrun started 2020-10-30T21:13:17Z
#=#=#=#=# Propagation starts 2020-10-30T21:13:17Z (last step: 71 msec, total: 71 msec)
#=#=#=# Syncrun finished 2020-10-30T21:13:17Z (last step: 7 msec, total: 78 msec)
#=#=#=# Syncrun started 2020-10-31T11:46:24Z
#=#=#=#=# Propagation starts 2020-10-31T11:46:24Z (last step: 77 msec, total: 77 msec)
#=#=#=# Syncrun finished 2020-10-31T11:46:24Z (last step: 8 msec, total: 86 msec)
#=#=#=# Syncrun started 2020-10-31T13:46:26Z
#=#=#=#=# Propagation starts 2020-10-31T13:46:27Z (last step: 74 msec, total: 74 msec)
#=#=#=# Syncrun finished 2020-10-31T13:46:27Z (last step: 7 msec, total: 82 msec)
#=#=#=# Syncrun started 2020-10-31T15:46:27Z
#=#=#=#=# Propagation starts 2020-10-31T15:46:27Z (last step: 77 msec, total: 77 msec)
#=#=#=# Syncrun finished 2020-10-31T15:46:27Z (last step: 8 msec, total: 85 msec)
#=#=#=# Syncrun started 2020-10-31T17:46:32Z
#=#=#=#=# Propagation starts 2020-10-31T17:46:32Z (last step: 59 msec, total: 59 msec)
#=#=#=# Syncrun finished 2020-10-31T17:46:32Z (last step: 16 msec, total: 76 msec)
#=#=#=# Syncrun started 2020-10-31T19:46:37Z
#=#=#=#=# Propagation starts 2020-10-31T19:46:37Z (last step: 59 msec, total: 59 msec)
#=#=#=# Syncrun finished 2020-10-31T19:46:37Z (last step: 7 msec, total: 67 msec)
#=#=#=# Syncrun started 2020-10-31T21:46:38Z
#=#=#=#=# Propagation starts 2020-10-31T21:46:38Z (last step: 60 msec, total: 60 msec)
#=#=#=# Syncrun finished 2020-10-31T21:46:38Z (last step: 8 msec, total: 69 msec)
#=#=#=# Syncrun started 2020-10-31T23:46:43Z
#=#=#=#=# Propagation starts 2020-10-31T23:46:43Z (last step: 59 msec, total: 59 msec)
#=#=#=# Syncrun finished 2020-10-31T23:46:43Z (last step: 7 msec, total: 67 msec)
#=#=#=# Syncrun started 2020-11-01T20:09:58Z
#=#=#=#=# Propagation starts 2020-11-01T20:09:58Z (last step: 67 msec, total: 67 msec)
#=#=#=# Syncrun finished 2020-11-01T20:09:58Z (last step: 9 msec, total: 76 msec)
#=#=#=# Syncrun started 2020-11-01T22:09:59Z
#=#=#=#=# Propagation starts 2020-11-01T22:09:59Z (last step: 69 msec, total: 69 msec)
#=#=#=# Syncrun finished 2020-11-01T22:09:59Z (last step: 7 msec, total: 76 msec)
#=#=#=# Syncrun started 2020-11-02T11:17:18Z
#=#=#=#=# Propagation starts 2020-11-02T11:17:18Z (last step: 68 msec, total: 68 msec)
#=#=#=# Syncrun finished 2020-11-02T11:17:18Z (last step: 6 msec, total: 75 msec)
#=#=#=# Syncrun started 2020-11-02T13:17:26Z
#=#=#=#=# Propagation starts 2020-11-02T13:17:27Z (last step: 140 msec, total: 140 msec)
#=#=#=# Syncrun finished 2020-11-02T13:17:27Z (last step: 11 msec, total: 152 msec)
#=#=#=# Syncrun started 2020-11-02T15:17:30Z
#=#=#=#=# Propagation starts 2020-11-02T15:17:30Z (last step: 58 msec, total: 58 msec)
#=#=#=# Syncrun finished 2020-11-02T15:17:30Z (last step: 7 msec, total: 66 msec)
#=#=#=# Syncrun started 2020-11-02T17:17:35Z
#=#=#=#=# Propagation starts 2020-11-02T17:17:35Z (last step: 59 msec, total: 59 msec)
#=#=#=# Syncrun finished 2020-11-02T17:17:35Z (last step: 7 msec, total: 66 msec)
#=#=#=# Syncrun started 2020-11-02T19:17:38Z
#=#=#=#=# Propagation starts 2020-11-02T19:17:38Z (last step: 61 msec, total: 61 msec)
#=#=#=# Syncrun finished 2020-11-02T19:17:38Z (last step: 7 msec, total: 69 msec)
#=#=#=# Syncrun started 2020-11-02T21:17:43Z
#=#=#=#=# Propagation starts 2020-11-02T21:17:43Z (last step: 77 msec, total: 77 msec)
#=#=#=# Syncrun finished 2020-11-02T21:17:43Z (last step: 7 msec, total: 84 msec)
#=#=#=# Syncrun started 2020-11-03T17:34:16Z
#=#=#=#=# Propagation starts 2020-11-03T17:34:16Z (last step: 68 msec, total: 68 msec)
#=#=#=# Syncrun finished 2020-11-03T17:34:16Z (last step: 10 msec, total: 79 msec)
#=#=#=# Syncrun started 2020-11-03T17:39:58Z
#=#=#=#=# Propagation starts 2020-11-03T17:39:58Z (last step: 71 msec, total: 71 msec)
#=#=#=# Syncrun finished 2020-11-03T17:39:58Z (last step: 6 msec, total: 78 msec)
#=#=#=# Syncrun started 2020-11-03T18:13:58Z
#=#=#=#=# Propagation starts 2020-11-03T18:13:58Z (last step: 65 msec, total: 65 msec)
#=#=#=# Syncrun finished 2020-11-03T18:13:58Z (last step: 4 msec, total: 70 msec)
#=#=#=# Syncrun started 2020-11-03T18:41:03Z
#=#=#=#=# Propagation starts 2020-11-03T18:41:03Z (last step: 65 msec, total: 65 msec)
#=#=#=# Syncrun finished 2020-11-03T18:41:03Z (last step: 4 msec, total: 69 msec)
#=#=#=# Syncrun started 2020-11-03T20:41:04Z
#=#=#=#=# Propagation starts 2020-11-03T20:41:04Z (last step: 43 msec, total: 43 msec)
#=#=#=# Syncrun finished 2020-11-03T20:41:04Z (last step: 7 msec, total: 50 msec)
#=#=#=# Syncrun started 2020-11-03T22:41:11Z
#=#=#=#=# Propagation starts 2020-11-03T22:41:11Z (last step: 42 msec, total: 42 msec)
#=#=#=# Syncrun finished 2020-11-03T22:41:11Z (last step: 6 msec, total: 49 msec)
#=#=#=# Syncrun started 2020-11-04T10:37:18Z
#=#=#=#=# Propagation starts 2020-11-04T10:37:18Z (last step: 69 msec, total: 69 msec)
#=#=#=# Syncrun finished 2020-11-04T10:37:18Z (last step: 6 msec, total: 75 msec)
#=#=#=# Syncrun started 2020-11-04T12:37:29Z
#=#=#=#=# Propagation starts 2020-11-04T12:37:29Z (last step: 59 msec, total: 59 msec)
#=#=#=# Syncrun finished 2020-11-04T12:37:29Z (last step: 6 msec, total: 66 msec)
#=#=#=# Syncrun started 2020-11-04T14:37:34Z
#=#=#=#=# Propagation starts 2020-11-04T14:37:34Z (last step: 61 msec, total: 61 msec)
#=#=#=# Syncrun finished 2020-11-04T14:37:34Z (last step: 6 msec, total: 68 msec)
#=#=#=# Syncrun started 2020-11-04T16:37:37Z
#=#=#=#=# Propagation starts 2020-11-04T16:37:37Z (last step: 56 msec, total: 56 msec)
#=#=#=# Syncrun finished 2020-11-04T16:37:37Z (last step: 7 msec, total: 64 msec)
#=#=#=# Syncrun started 2020-11-04T18:37:44Z
#=#=#=#=# Propagation starts 2020-11-04T18:37:44Z (last step: 63 msec, total: 63 msec)
#=#=#=# Syncrun finished 2020-11-04T18:37:44Z (last step: 7 msec, total: 70 msec)
#=#=#=# Syncrun started 2020-11-04T20:37:47Z
#=#=#=#=# Propagation starts 2020-11-04T20:37:47Z (last step: 57 msec, total: 57 msec)
#=#=#=# Syncrun finished 2020-11-04T20:37:47Z (last step: 7 msec, total: 65 msec)
#=#=#=# Syncrun started 2020-11-04T22:37:51Z
#=#=#=#=# Propagation starts 2020-11-04T22:37:52Z (last step: 55 msec, total: 55 msec)
#=#=#=# Syncrun finished 2020-11-04T22:37:52Z (last step: 7 msec, total: 62 msec)
#=#=#=# Syncrun started 2020-11-05T16:15:16Z
#=#=#=#=# Propagation starts 2020-11-05T16:15:16Z (last step: 67 msec, total: 67 msec)
#=#=#=# Syncrun finished 2020-11-05T16:15:16Z (last step: 9 msec, total: 77 msec)
#=#=#=# Syncrun started 2020-11-05T18:54:16Z
#=#=#=#=# Propagation starts 2020-11-05T18:54:16Z (last step: 71 msec, total: 71 msec)
#=#=#=# Syncrun finished 2020-11-05T18:54:16Z (last step: 7 msec, total: 78 msec)
#=#=#=# Syncrun started 2020-11-05T18:59:16Z
#=#=#=#=# Propagation starts 2020-11-05T18:59:16Z (last step: 70 msec, total: 70 msec)
#=#=#=# Syncrun finished 2020-11-05T18:59:16Z (last step: 7 msec, total: 78 msec)
#=#=#=# Syncrun started 2020-11-05T20:59:19Z
#=#=#=#=# Propagation starts 2020-11-05T20:59:20Z (last step: 58 msec, total: 58 msec)
#=#=#=# Syncrun finished 2020-11-05T20:59:20Z (last step: 6 msec, total: 64 msec)
#=#=#=# Syncrun started 2020-11-06T09:53:24Z
#=#=#=#=# Propagation starts 2020-11-06T09:53:24Z (last step: 67 msec, total: 67 msec)
#=#=#=# Syncrun finished 2020-11-06T09:53:24Z (last step: 6 msec, total: 74 msec)
#=#=#=# Syncrun started 2020-11-06T11:53:31Z
#=#=#=#=# Propagation starts 2020-11-06T11:53:31Z (last step: 59 msec, total: 59 msec)
#=#=#=# Syncrun finished 2020-11-06T11:53:31Z (last step: 6 msec, total: 65 msec)
#=#=#=# Syncrun started 2020-11-06T13:53:36Z
#=#=#=#=# Propagation starts 2020-11-06T13:53:36Z (last step: 59 msec, total: 59 msec)
#=#=#=# Syncrun finished 2020-11-06T13:53:36Z (last step: 15 msec, total: 74 msec)
#=#=#=# Syncrun started 2020-11-06T15:53:41Z
#=#=#=#=# Propagation starts 2020-11-06T15:53:41Z (last step: 58 msec, total: 58 msec)
#=#=#=# Syncrun finished 2020-11-06T15:53:41Z (last step: 3 msec, total: 62 msec)
#=#=#=# Syncrun started 2020-11-06T17:53:45Z
#=#=#=#=# Propagation starts 2020-11-06T17:53:45Z (last step: 57 msec, total: 57 msec)
#=#=#=# Syncrun finished 2020-11-06T17:53:45Z (last step: 7 msec, total: 64 msec)
#=#=#=# Syncrun started 2020-11-06T19:53:50Z
#=#=#=#=# Propagation starts 2020-11-06T19:53:50Z (last step: 55 msec, total: 55 msec)
#=#=#=# Syncrun finished 2020-11-06T19:53:50Z (last step: 8 msec, total: 64 msec)
#=#=#=# Syncrun started 2020-11-06T21:53:50Z
#=#=#=#=# Propagation starts 2020-11-06T21:53:50Z (last step: 63 msec, total: 63 msec)
#=#=#=# Syncrun finished 2020-11-06T21:53:50Z (last step: 6 msec, total: 70 msec)
#=#=#=# Syncrun started 2020-11-07T10:32:01Z
#=#=#=#=# Propagation starts 2020-11-07T10:32:01Z (last step: 77 msec, total: 77 msec)
#=#=#=# Syncrun finished 2020-11-07T10:32:01Z (last step: 7 msec, total: 85 msec)
#=#=#=# Syncrun started 2020-11-07T15:04:50Z
#=#=#=#=# Propagation starts 2020-11-07T15:04:51Z (last step: 73 msec, total: 73 msec)
#=#=#=# Syncrun finished 2020-11-07T15:04:51Z (last step: 9 msec, total: 82 msec)
#=#=#=# Syncrun started 2020-11-07T17:04:52Z
#=#=#=#=# Propagation starts 2020-11-07T17:04:52Z (last step: 60 msec, total: 60 msec)
#=#=#=# Syncrun finished 2020-11-07T17:04:52Z (last step: 7 msec, total: 67 msec)
#=#=#=# Syncrun started 2020-11-07T19:04:53Z
#=#=#=#=# Propagation starts 2020-11-07T19:04:53Z (last step: 59 msec, total: 59 msec)
#=#=#=# Syncrun finished 2020-11-07T19:04:53Z (last step: 6 msec, total: 66 msec)
#=#=#=# Syncrun started 2020-11-07T21:04:54Z
#=#=#=#=# Propagation starts 2020-11-07T21:04:54Z (last step: 60 msec, total: 60 msec)
#=#=#=# Syncrun finished 2020-11-07T21:04:54Z (last step: 7 msec, total: 67 msec)
#=#=#=# Syncrun started 2020-11-08T10:20:32Z
#=#=#=#=# Propagation starts 2020-11-08T10:20:32Z (last step: 70 msec, total: 70 msec)
#=#=#=# Syncrun finished 2020-11-08T10:20:32Z (last step: 9 msec, total: 79 msec)
#=#=#=# Syncrun started 2020-11-08T15:44:44Z
#=#=#=#=# Propagation starts 2020-11-08T15:44:44Z (last step: 78 msec, total: 78 msec)
#=#=#=# Syncrun finished 2020-11-08T15:44:44Z (last step: 7 msec, total: 85 msec)
#=#=#=# Syncrun started 2020-11-08T16:05:14Z
#=#=#=#=# Propagation starts 2020-11-08T16:05:15Z (last step: 1306 msec, total: 1306 msec)
#=#=#=# Syncrun finished 2020-11-08T16:05:15Z (last step: 11 msec, total: 1317 msec)
#=#=#=# Syncrun started 2020-11-09T09:19:40Z
#=#=#=#=# Propagation starts 2020-11-09T09:19:41Z (last step: 67 msec, total: 67 msec)
#=#=#=# Syncrun finished 2020-11-09T09:19:41Z (last step: 8 msec, total: 75 msec)
#=#=#=# Syncrun started 2020-11-09T09:29:26Z
#=#=#=#=# Propagation starts 2020-11-09T09:29:26Z (last step: 74 msec, total: 74 msec)
#=#=#=# Syncrun finished 2020-11-09T09:29:26Z (last step: 4 msec, total: 79 msec)
#=#=#=# Syncrun started 2020-11-09T11:29:29Z
#=#=#=#=# Propagation starts 2020-11-09T11:29:29Z (last step: 56 msec, total: 56 msec)
#=#=#=# Syncrun finished 2020-11-09T11:29:29Z (last step: 10 msec, total: 66 msec)
#=#=#=# Syncrun started 2020-11-09T13:29:34Z
#=#=#=#=# Propagation starts 2020-11-09T13:29:34Z (last step: 59 msec, total: 59 msec)
#=#=#=# Syncrun finished 2020-11-09T13:29:34Z (last step: 8 msec, total: 67 msec)
#=#=#=# Syncrun started 2020-11-09T14:42:59Z
#=#=#=#=# Propagation starts 2020-11-09T14:42:59Z (last step: 73 msec, total: 73 msec)
#=#=#=# Syncrun finished 2020-11-09T14:42:59Z (last step: 7 msec, total: 81 msec)
#=#=#=# Syncrun started 2020-11-09T16:43:03Z
#=#=#=#=# Propagation starts 2020-11-09T16:43:03Z (last step: 56 msec, total: 56 msec)
#=#=#=# Syncrun finished 2020-11-09T16:43:03Z (last step: 6 msec, total: 63 msec)
#=#=#=# Syncrun started 2020-11-09T16:58:33Z
#=#=#=#=# Propagation starts 2020-11-09T16:58:33Z (last step: 67 msec, total: 67 msec)
#=#=#=# Syncrun finished 2020-11-09T16:58:33Z (last step: 3 msec, total: 70 msec)
#=#=#=# Syncrun started 2020-11-09T18:58:35Z
#=#=#=#=# Propagation starts 2020-11-09T18:58:35Z (last step: 60 msec, total: 60 msec)
#=#=#=# Syncrun finished 2020-11-09T18:58:35Z (last step: 4 msec, total: 65 msec)
#=#=#=# Syncrun started 2020-11-10T17:06:05Z
#=#=#=#=# Propagation starts 2020-11-10T17:06:05Z (last step: 44 msec, total: 44 msec)
#=#=#=# Syncrun finished 2020-11-10T17:06:05Z (last step: 8 msec, total: 52 msec)
#=#=#=# Syncrun started 2020-11-10T19:06:05Z
#=#=#=#=# Propagation starts 2020-11-10T19:06:05Z (last step: 59 msec, total: 59 msec)
#=#=#=# Syncrun finished 2020-11-10T19:06:05Z (last step: 8 msec, total: 67 msec)
#=#=#=# Syncrun started 2020-11-10T21:06:06Z
#=#=#=#=# Propagation starts 2020-11-10T21:06:06Z (last step: 56 msec, total: 56 msec)
#=#=#=# Syncrun finished 2020-11-10T21:06:06Z (last step: 9 msec, total: 66 msec)
#=#=#=# Syncrun started 2020-11-11T13:30:24Z
#=#=#=#=# Propagation starts 2020-11-11T13:30:24Z (last step: 70 msec, total: 70 msec)
#=#=#=# Syncrun finished 2020-11-11T13:30:24Z (last step: 7 msec, total: 78 msec)
#=#=#=# Syncrun started 2020-11-11T15:30:29Z
#=#=#=#=# Propagation starts 2020-11-11T15:30:29Z (last step: 57 msec, total: 57 msec)
#=#=#=# Syncrun finished 2020-11-11T15:30:29Z (last step: 7 msec, total: 65 msec)
#=#=#=# Syncrun started 2020-11-11T16:10:25Z
#=#=#=#=# Propagation starts 2020-11-11T16:10:25Z (last step: 69 msec, total: 69 msec)
#=#=#=# Syncrun finished 2020-11-11T16:10:25Z (last step: 9 msec, total: 78 msec)
#=#=#=# Syncrun started 2020-11-11T18:10:27Z
#=#=#=#=# Propagation starts 2020-11-11T18:10:27Z (last step: 48 msec, total: 48 msec)
#=#=#=# Syncrun finished 2020-11-11T18:10:27Z (last step: 7 msec, total: 55 msec)
#=#=#=# Syncrun started 2020-11-11T20:17:49Z
#=#=#=#=# Propagation starts 2020-11-11T20:17:49Z (last step: 67 msec, total: 67 msec)
#=#=#=# Syncrun finished 2020-11-11T20:17:49Z (last step: 6 msec, total: 74 msec)
#=#=#=# Syncrun started 2020-11-11T22:17:50Z
#=#=#=#=# Propagation starts 2020-11-11T22:17:51Z (last step: 60 msec, total: 60 msec)
#=#=#=# Syncrun finished 2020-11-11T22:17:51Z (last step: 7 msec, total: 68 msec)
#=#=#=# Syncrun started 2020-11-12T15:18:35Z
#=#=#=#=# Propagation starts 2020-11-12T15:18:35Z (last step: 43 msec, total: 43 msec)
#=#=#=# Syncrun finished 2020-11-12T15:18:35Z (last step: 5 msec, total: 48 msec)
#=#=#=# Syncrun started 2020-11-12T17:18:41Z
#=#=#=#=# Propagation starts 2020-11-12T17:18:41Z (last step: 66 msec, total: 66 msec)
#=#=#=# Syncrun finished 2020-11-12T17:18:41Z (last step: 6 msec, total: 72 msec)
#=#=#=# Syncrun started 2020-11-12T19:18:48Z
#=#=#=#=# Propagation starts 2020-11-12T19:18:48Z (last step: 61 msec, total: 61 msec)
#=#=#=# Syncrun finished 2020-11-12T19:18:49Z (last step: 7 msec, total: 69 msec)
#=#=#=# Syncrun started 2020-11-12T19:32:53Z
#=#=#=#=# Propagation starts 2020-11-12T19:32:53Z (last step: 57 msec, total: 57 msec)
#=#=#=# Syncrun finished 2020-11-12T19:32:53Z (last step: 6 msec, total: 64 msec)
